[0m08:39:45.888116 [debug] [MainThread]: Sending event: {'category': 'dbt', 'action': 'invocation', 'label': 'start', 'context': [<snowplow_tracker.self_describing_json.SelfDescribingJson object at 0x0000020675ED8410>, <snowplow_tracker.self_describing_json.SelfDescribingJson object at 0x0000020675F3A850>, <snowplow_tracker.self_describing_json.SelfDescribingJson object at 0x0000020675F3B210>]}


============================== 08:39:45.900041 | cc048853-c7bc-4780-beed-c7e24a79559c ==============================
[0m08:39:45.900041 [info ] [MainThread]: Running with dbt=1.10.5
[0m08:39:45.902550 [debug] [MainThread]: running dbt with arguments {'printer_width': '80', 'indirect_selection': 'eager', 'log_cache_events': 'False', 'write_json': 'True', 'partial_parse': 'True', 'cache_selected_only': 'False', 'profiles_dir': 'C:\\Users\\ADMIN\\.dbt', 'debug': 'False', 'fail_fast': 'False', 'log_path': 'logs', 'version_check': 'True', 'warn_error': 'None', 'use_colors': 'True', 'use_experimental_parser': 'False', 'no_print': 'None', 'quiet': 'False', 'empty': 'None', 'log_format': 'default', 'introspect': 'True', 'static_parser': 'True', 'invocation_command': 'dbt init', 'target_path': 'None', 'warn_error_options': 'WarnErrorOptionsV2(error=[], warn=[], silence=[])', 'send_anonymous_usage_stats': 'True'}
[0m08:40:00.448122 [debug] [MainThread]: Starter project path: C:\Users\ADMIN\dbt_project_new\dbt_prep_project\.venv\Lib\site-packages\dbt\include\starter_project
[0m08:40:00.578358 [info ] [MainThread]: 
Your new dbt project "test" was created!

For more information on how to configure the profiles.yml file,
please consult the dbt documentation here:

  https://docs.getdbt.com/docs/configure-your-profile

One more thing:

Need help? Don't hesitate to reach out to us via GitHub issues or on Slack:

  https://community.getdbt.com/

Happy modeling!

[0m08:40:00.580327 [info ] [MainThread]: Setting up your profile.
[0m08:40:07.929558 [info ] [MainThread]: Profile test written to C:\Users\ADMIN\.dbt\profiles.yml using target's profile_template.yml and your supplied values. Run 'dbt debug' to validate the connection.
[0m08:40:07.932876 [debug] [MainThread]: Command `dbt init` succeeded at 08:40:07.932876 after 22.32 seconds
[0m08:40:07.933965 [debug] [MainThread]: Sending event: {'category': 'dbt', 'action': 'invocation', 'label': 'end', 'context': [<snowplow_tracker.self_describing_json.SelfDescribingJson object at 0x0000020675F41190>, <snowplow_tracker.self_describing_json.SelfDescribingJson object at 0x000002066F486150>, <snowplow_tracker.self_describing_json.SelfDescribingJson object at 0x000002066F507050>]}
[0m08:40:07.937293 [debug] [MainThread]: Flushing usage events
[0m08:40:09.425840 [debug] [MainThread]: An error was encountered while trying to flush usage events
[0m08:40:31.800645 [debug] [MainThread]: Sending event: {'category': 'dbt', 'action': 'invocation', 'label': 'start', 'context': [<snowplow_tracker.self_describing_json.SelfDescribingJson object at 0x0000022ACC47AE10>, <snowplow_tracker.self_describing_json.SelfDescribingJson object at 0x0000022ACC44F4D0>, <snowplow_tracker.self_describing_json.SelfDescribingJson object at 0x0000022ACC44F310>]}


============================== 08:40:31.814061 | 45c33e30-d8fb-408a-b352-4efaea090758 ==============================
[0m08:40:31.814061 [info ] [MainThread]: Running with dbt=1.10.5
[0m08:40:31.818020 [debug] [MainThread]: running dbt with arguments {'printer_width': '80', 'indirect_selection': 'eager', 'log_cache_events': 'False', 'write_json': 'True', 'partial_parse': 'True', 'cache_selected_only': 'False', 'warn_error': 'None', 'version_check': 'True', 'debug': 'False', 'log_path': 'logs', 'profiles_dir': 'C:\\Users\\ADMIN\\.dbt', 'fail_fast': 'False', 'use_colors': 'True', 'use_experimental_parser': 'False', 'empty': 'None', 'quiet': 'False', 'no_print': 'None', 'warn_error_options': 'WarnErrorOptionsV2(error=[], warn=[], silence=[])', 'static_parser': 'True', 'invocation_command': 'dbt debug', 'introspect': 'True', 'target_path': 'None', 'log_format': 'default', 'send_anonymous_usage_stats': 'True'}
[0m08:40:31.896510 [info ] [MainThread]: dbt version: 1.10.5
[0m08:40:31.899056 [info ] [MainThread]: python version: 3.11.9
[0m08:40:31.900455 [info ] [MainThread]: python path: C:\Users\ADMIN\dbt_project_new\dbt_prep_project\.venv\Scripts\python.exe
[0m08:40:31.902464 [info ] [MainThread]: os info: Windows-10-10.0.26100-SP0
[0m08:40:33.087266 [info ] [MainThread]: Using profiles dir at C:\Users\ADMIN\.dbt
[0m08:40:33.088271 [info ] [MainThread]: Using profiles.yml file at C:\Users\ADMIN\.dbt\profiles.yml
[0m08:40:33.090614 [info ] [MainThread]: Using dbt_project.yml file at C:\Users\ADMIN\dbt_project_new\dbt_prep_project\dbt_project.yml
[0m08:40:33.091620 [error] [MainThread]: Encountered an error:
Internal Error
  Profile should not be None if loading profile completed
[0m08:40:33.095658 [debug] [MainThread]: Command `dbt debug` failed at 08:40:33.094092 after 1.52 seconds
[0m08:40:33.097946 [debug] [MainThread]: Sending event: {'category': 'dbt', 'action': 'invocation', 'label': 'end', 'context': [<snowplow_tracker.self_describing_json.SelfDescribingJson object at 0x0000022AC59B6D50>, <snowplow_tracker.self_describing_json.SelfDescribingJson object at 0x0000022ACC482D10>, <snowplow_tracker.self_describing_json.SelfDescribingJson object at 0x0000022ACC480B10>]}
[0m08:40:33.099730 [debug] [MainThread]: Flushing usage events
[0m08:40:34.336318 [debug] [MainThread]: An error was encountered while trying to flush usage events
[0m08:41:17.109136 [debug] [MainThread]: Sending event: {'category': 'dbt', 'action': 'invocation', 'label': 'start', 'context': [<snowplow_tracker.self_describing_json.SelfDescribingJson object at 0x00000209156E9290>, <snowplow_tracker.self_describing_json.SelfDescribingJson object at 0x000002091574BED0>, <snowplow_tracker.self_describing_json.SelfDescribingJson object at 0x000002091574A890>]}


============================== 08:41:17.119665 | c6d5b9ac-e4b4-48fc-ae58-1d51a9b2a24f ==============================
[0m08:41:17.119665 [info ] [MainThread]: Running with dbt=1.10.5
[0m08:41:17.122611 [debug] [MainThread]: running dbt with arguments {'printer_width': '80', 'indirect_selection': 'eager', 'write_json': 'True', 'log_cache_events': 'False', 'partial_parse': 'True', 'cache_selected_only': 'False', 'profiles_dir': 'C:\\Users\\ADMIN\\.dbt', 'version_check': 'True', 'warn_error': 'None', 'log_path': 'logs', 'fail_fast': 'False', 'debug': 'False', 'use_colors': 'True', 'use_experimental_parser': 'False', 'no_print': 'None', 'quiet': 'False', 'empty': 'None', 'log_format': 'default', 'static_parser': 'True', 'invocation_command': 'dbt debug', 'warn_error_options': 'WarnErrorOptionsV2(error=[], warn=[], silence=[])', 'target_path': 'None', 'introspect': 'True', 'send_anonymous_usage_stats': 'True'}
[0m08:41:17.193694 [info ] [MainThread]: dbt version: 1.10.5
[0m08:41:17.196816 [info ] [MainThread]: python version: 3.11.9
[0m08:41:17.198516 [info ] [MainThread]: python path: C:\Users\ADMIN\dbt_project_new\dbt_prep_project\.venv\Scripts\python.exe
[0m08:41:17.201505 [info ] [MainThread]: os info: Windows-10-10.0.26100-SP0
[0m08:41:18.762381 [info ] [MainThread]: Using profiles dir at C:\Users\ADMIN\.dbt
[0m08:41:18.764270 [info ] [MainThread]: Using profiles.yml file at C:\Users\ADMIN\.dbt\profiles.yml
[0m08:41:18.766483 [info ] [MainThread]: Using dbt_project.yml file at C:\Users\ADMIN\dbt_project_new\dbt_prep_project\dbt_project.yml
[0m08:41:18.769269 [info ] [MainThread]: adapter type: snowflake
[0m08:41:18.771310 [info ] [MainThread]: adapter version: 1.10.0
[0m08:41:18.772821 [info ] [MainThread]: Configuration:
[0m08:41:18.774860 [info ] [MainThread]:   profiles.yml file [[32mOK found and valid[0m]
[0m08:41:18.777910 [info ] [MainThread]:   dbt_project.yml file [[31mERROR not found[0m]
[0m08:41:18.779381 [info ] [MainThread]: Required dependencies:
[0m08:41:18.780736 [debug] [MainThread]: Executing "git --help"
[0m08:41:18.900848 [debug] [MainThread]: STDOUT: "b"usage: git [-v | --version] [-h | --help] [-C <path>] [-c <name>=<value>]\n           [--exec-path[=<path>]] [--html-path] [--man-path] [--info-path]\n           [-p | --paginate | -P | --no-pager] [--no-replace-objects] [--no-lazy-fetch]\n           [--no-optional-locks] [--no-advice] [--bare] [--git-dir=<path>]\n           [--work-tree=<path>] [--namespace=<name>] [--config-env=<name>=<envvar>]\n           <command> [<args>]\n\nThese are common Git commands used in various situations:\n\nstart a working area (see also: git help tutorial)\n   clone      Clone a repository into a new directory\n   init       Create an empty Git repository or reinitialize an existing one\n\nwork on the current change (see also: git help everyday)\n   add        Add file contents to the index\n   mv         Move or rename a file, a directory, or a symlink\n   restore    Restore working tree files\n   rm         Remove files from the working tree and from the index\n\nexamine the history and state (see also: git help revisions)\n   bisect     Use binary search to find the commit that introduced a bug\n   diff       Show changes between commits, commit and working tree, etc\n   grep       Print lines matching a pattern\n   log        Show commit logs\n   show       Show various types of objects\n   status     Show the working tree status\n\ngrow, mark and tweak your common history\n   backfill   Download missing objects in a partial clone\n   branch     List, create, or delete branches\n   commit     Record changes to the repository\n   merge      Join two or more development histories together\n   rebase     Reapply commits on top of another base tip\n   reset      Reset current HEAD to the specified state\n   switch     Switch branches\n   tag        Create, list, delete or verify a tag object signed with GPG\n\ncollaborate (see also: git help workflows)\n   fetch      Download objects and refs from another repository\n   pull       Fetch from and integrate with another repository or a local branch\n   push       Update remote refs along with associated objects\n\n'git help -a' and 'git help -g' list available subcommands and some\nconcept guides. See 'git help <command>' or 'git help <concept>'\nto read about a specific subcommand or concept.\nSee 'git help git' for an overview of the system.\n""
[0m08:41:18.902370 [debug] [MainThread]: STDERR: "b''"
[0m08:41:18.903914 [info ] [MainThread]:  - git [[32mOK found[0m]

[0m08:41:18.906117 [info ] [MainThread]: Connection:
[0m08:41:18.908749 [info ] [MainThread]:   account: CZ56108
[0m08:41:18.910744 [info ] [MainThread]:   user: SNOWFLAKEPREP2
[0m08:41:18.912479 [info ] [MainThread]:   database: dbt_prepzee
[0m08:41:18.916533 [info ] [MainThread]:   warehouse: compute_wh
[0m08:41:18.918035 [info ] [MainThread]:   role: accountadmin
[0m08:41:18.921032 [info ] [MainThread]:   schema: dbo
[0m08:41:18.924135 [info ] [MainThread]:   authenticator: None
[0m08:41:18.926667 [info ] [MainThread]:   oauth_client_id: None
[0m08:41:18.929062 [info ] [MainThread]:   query_tag: None
[0m08:41:18.931096 [info ] [MainThread]:   client_session_keep_alive: False
[0m08:41:18.934683 [info ] [MainThread]:   host: None
[0m08:41:18.938473 [info ] [MainThread]:   port: None
[0m08:41:18.941521 [info ] [MainThread]:   proxy_host: None
[0m08:41:18.945588 [info ] [MainThread]:   proxy_port: None
[0m08:41:18.948098 [info ] [MainThread]:   protocol: None
[0m08:41:18.950389 [info ] [MainThread]:   connect_retries: 1
[0m08:41:18.951427 [info ] [MainThread]:   connect_timeout: None
[0m08:41:18.952911 [info ] [MainThread]:   retry_on_database_errors: False
[0m08:41:18.956464 [info ] [MainThread]:   retry_all: False
[0m08:41:18.958028 [info ] [MainThread]:   insecure_mode: False
[0m08:41:18.962443 [info ] [MainThread]:   reuse_connections: True
[0m08:41:18.965864 [info ] [MainThread]:   s3_stage_vpce_dns_name: None
[0m08:41:18.967377 [info ] [MainThread]: Registered adapter: snowflake=1.10.0
[0m08:41:19.881087 [debug] [MainThread]: Acquiring new snowflake connection 'debug'
[0m08:41:26.290668 [debug] [MainThread]: Using snowflake connection "debug"
[0m08:41:26.291705 [debug] [MainThread]: On debug: select 1 as id
[0m08:41:26.292671 [debug] [MainThread]: Opening a new connection, currently in state init
[0m08:41:27.738997 [debug] [MainThread]: Snowflake adapter: Error running SQL: select 1 as id
[0m08:41:27.741054 [debug] [MainThread]: Snowflake adapter: Rolling back transaction.
[0m08:41:27.744083 [info ] [MainThread]:   Connection test: [[31mERROR[0m]

[0m08:41:27.748036 [info ] [MainThread]: [31m2 checks failed:[0m
[0m08:41:27.750069 [info ] [MainThread]: Project loading failed for the following reason:
 project path <C:\Users\ADMIN\dbt_project_new\dbt_prep_project\dbt_project.yml> not found

[0m08:41:27.752606 [info ] [MainThread]: dbt was unable to connect to the specified database.
The database returned the following error:

  >Database Error
  250003 (08001): 404 Not Found: post https://CZ56108.snowflakecomputing.com:443/session/v1/login-request?request_id=0030c3d3-c241-4236-8b9a-213668223e71&databaseName=dbt_prepzee&schemaName=dbo&warehouse=compute_wh&roleName=accountadmin&request_guid=76946b2f-ea71-429e-8bb5-a0d22c69b34d

Check your database credentials and try again. For more information, visit:
https://docs.getdbt.com/docs/configure-your-profile


[0m08:41:27.756641 [debug] [MainThread]: Command `dbt debug` failed at 08:41:27.756641 after 10.85 seconds
[0m08:41:27.757654 [debug] [MainThread]: Connection 'debug' was left open.
[0m08:41:27.760139 [debug] [MainThread]: On debug: No close available on handle
[0m08:41:27.761397 [debug] [MainThread]: Sending event: {'category': 'dbt', 'action': 'invocation', 'label': 'end', 'context': [<snowplow_tracker.self_describing_json.SelfDescribingJson object at 0x000002091770D650>, <snowplow_tracker.self_describing_json.SelfDescribingJson object at 0x0000020915498E90>, <snowplow_tracker.self_describing_json.SelfDescribingJson object at 0x00000209176E66D0>]}
[0m08:41:27.763418 [debug] [MainThread]: Flushing usage events
[0m08:41:29.142711 [debug] [MainThread]: An error was encountered while trying to flush usage events
[0m08:41:54.880280 [debug] [MainThread]: Sending event: {'category': 'dbt', 'action': 'invocation', 'label': 'start', 'context': [<snowplow_tracker.self_describing_json.SelfDescribingJson object at 0x0000021D97D890D0>, <snowplow_tracker.self_describing_json.SelfDescribingJson object at 0x0000021D97EBAE10>, <snowplow_tracker.self_describing_json.SelfDescribingJson object at 0x0000021D97E58210>]}


============================== 08:41:54.889975 | 4b373fb9-6733-4f89-a178-2c903683a0d6 ==============================
[0m08:41:54.889975 [info ] [MainThread]: Running with dbt=1.10.5
[0m08:41:54.892514 [debug] [MainThread]: running dbt with arguments {'printer_width': '80', 'indirect_selection': 'eager', 'log_cache_events': 'False', 'write_json': 'True', 'partial_parse': 'True', 'cache_selected_only': 'False', 'profiles_dir': 'C:\\Users\\ADMIN\\.dbt', 'debug': 'False', 'fail_fast': 'False', 'log_path': 'C:\\Users\\ADMIN\\dbt_project_new\\dbt_prep_project\\logs', 'version_check': 'True', 'warn_error': 'None', 'use_colors': 'True', 'use_experimental_parser': 'False', 'no_print': 'None', 'quiet': 'False', 'empty': 'None', 'log_format': 'default', 'static_parser': 'True', 'invocation_command': 'dbt debug', 'introspect': 'True', 'target_path': 'None', 'warn_error_options': 'WarnErrorOptionsV2(error=[], warn=[], silence=[])', 'send_anonymous_usage_stats': 'True'}
[0m08:41:54.946213 [info ] [MainThread]: dbt version: 1.10.5
[0m08:41:54.949341 [info ] [MainThread]: python version: 3.11.9
[0m08:41:54.950355 [info ] [MainThread]: python path: C:\Users\ADMIN\dbt_project_new\dbt_prep_project\.venv\Scripts\python.exe
[0m08:41:54.954663 [info ] [MainThread]: os info: Windows-10-10.0.26100-SP0
[0m08:41:56.048061 [info ] [MainThread]: Using profiles dir at C:\Users\ADMIN\.dbt
[0m08:41:56.049958 [info ] [MainThread]: Using profiles.yml file at C:\Users\ADMIN\.dbt\profiles.yml
[0m08:41:56.050950 [info ] [MainThread]: Using dbt_project.yml file at C:\Users\ADMIN\dbt_project_new\dbt_prep_project\dbt_project.yml
[0m08:41:56.053968 [info ] [MainThread]: adapter type: snowflake
[0m08:41:56.056560 [info ] [MainThread]: adapter version: 1.10.0
[0m08:41:56.349621 [info ] [MainThread]: Configuration:
[0m08:41:56.350631 [info ] [MainThread]:   profiles.yml file [[32mOK found and valid[0m]
[0m08:41:56.352658 [info ] [MainThread]:   dbt_project.yml file [[32mOK found and valid[0m]
[0m08:41:56.354199 [info ] [MainThread]: Required dependencies:
[0m08:41:56.354199 [debug] [MainThread]: Executing "git --help"
[0m08:41:56.447595 [debug] [MainThread]: STDOUT: "b"usage: git [-v | --version] [-h | --help] [-C <path>] [-c <name>=<value>]\n           [--exec-path[=<path>]] [--html-path] [--man-path] [--info-path]\n           [-p | --paginate | -P | --no-pager] [--no-replace-objects] [--no-lazy-fetch]\n           [--no-optional-locks] [--no-advice] [--bare] [--git-dir=<path>]\n           [--work-tree=<path>] [--namespace=<name>] [--config-env=<name>=<envvar>]\n           <command> [<args>]\n\nThese are common Git commands used in various situations:\n\nstart a working area (see also: git help tutorial)\n   clone      Clone a repository into a new directory\n   init       Create an empty Git repository or reinitialize an existing one\n\nwork on the current change (see also: git help everyday)\n   add        Add file contents to the index\n   mv         Move or rename a file, a directory, or a symlink\n   restore    Restore working tree files\n   rm         Remove files from the working tree and from the index\n\nexamine the history and state (see also: git help revisions)\n   bisect     Use binary search to find the commit that introduced a bug\n   diff       Show changes between commits, commit and working tree, etc\n   grep       Print lines matching a pattern\n   log        Show commit logs\n   show       Show various types of objects\n   status     Show the working tree status\n\ngrow, mark and tweak your common history\n   backfill   Download missing objects in a partial clone\n   branch     List, create, or delete branches\n   commit     Record changes to the repository\n   merge      Join two or more development histories together\n   rebase     Reapply commits on top of another base tip\n   reset      Reset current HEAD to the specified state\n   switch     Switch branches\n   tag        Create, list, delete or verify a tag object signed with GPG\n\ncollaborate (see also: git help workflows)\n   fetch      Download objects and refs from another repository\n   pull       Fetch from and integrate with another repository or a local branch\n   push       Update remote refs along with associated objects\n\n'git help -a' and 'git help -g' list available subcommands and some\nconcept guides. See 'git help <command>' or 'git help <concept>'\nto read about a specific subcommand or concept.\nSee 'git help git' for an overview of the system.\n""
[0m08:41:56.449611 [debug] [MainThread]: STDERR: "b''"
[0m08:41:56.450648 [info ] [MainThread]:  - git [[32mOK found[0m]

[0m08:41:56.453766 [info ] [MainThread]: Connection:
[0m08:41:56.455612 [info ] [MainThread]:   account: CZ56108
[0m08:41:56.458102 [info ] [MainThread]:   user: SNOWFLAKEPREP2
[0m08:41:56.459113 [info ] [MainThread]:   database: dbt_prepzee
[0m08:41:56.461215 [info ] [MainThread]:   warehouse: compute_wh
[0m08:41:56.462216 [info ] [MainThread]:   role: accountadmin
[0m08:41:56.464250 [info ] [MainThread]:   schema: dbo
[0m08:41:56.466894 [info ] [MainThread]:   authenticator: None
[0m08:41:56.469667 [info ] [MainThread]:   oauth_client_id: None
[0m08:41:56.471986 [info ] [MainThread]:   query_tag: None
[0m08:41:56.473558 [info ] [MainThread]:   client_session_keep_alive: False
[0m08:41:56.479614 [info ] [MainThread]:   host: None
[0m08:41:56.482369 [info ] [MainThread]:   port: None
[0m08:41:56.488591 [info ] [MainThread]:   proxy_host: None
[0m08:41:56.491100 [info ] [MainThread]:   proxy_port: None
[0m08:41:56.492614 [info ] [MainThread]:   protocol: None
[0m08:41:56.496368 [info ] [MainThread]:   connect_retries: 1
[0m08:41:56.498764 [info ] [MainThread]:   connect_timeout: None
[0m08:41:56.499793 [info ] [MainThread]:   retry_on_database_errors: False
[0m08:41:56.502783 [info ] [MainThread]:   retry_all: False
[0m08:41:56.503803 [info ] [MainThread]:   insecure_mode: False
[0m08:41:56.506537 [info ] [MainThread]:   reuse_connections: True
[0m08:41:56.507815 [info ] [MainThread]:   s3_stage_vpce_dns_name: None
[0m08:41:56.509094 [info ] [MainThread]: Registered adapter: snowflake=1.10.0
[0m08:41:57.545482 [debug] [MainThread]: Acquiring new snowflake connection 'debug'
[0m08:41:57.748944 [debug] [MainThread]: Using snowflake connection "debug"
[0m08:41:57.749962 [debug] [MainThread]: On debug: select 1 as id
[0m08:41:57.750971 [debug] [MainThread]: Opening a new connection, currently in state init
[0m08:41:59.182593 [debug] [MainThread]: Snowflake adapter: Error running SQL: select 1 as id
[0m08:41:59.183634 [debug] [MainThread]: Snowflake adapter: Rolling back transaction.
[0m08:41:59.186418 [info ] [MainThread]:   Connection test: [[31mERROR[0m]

[0m08:41:59.189183 [info ] [MainThread]: [31m1 check failed:[0m
[0m08:41:59.190515 [info ] [MainThread]: dbt was unable to connect to the specified database.
The database returned the following error:

  >Database Error
  250003 (08001): 404 Not Found: post https://CZ56108.snowflakecomputing.com:443/session/v1/login-request?request_id=57923d97-314e-49f7-9ac1-fa0ab8c4d3d4&databaseName=dbt_prepzee&schemaName=dbo&warehouse=compute_wh&roleName=accountadmin&request_guid=3c4d28d4-bca0-4ab0-af53-e8d38f8e8004

Check your database credentials and try again. For more information, visit:
https://docs.getdbt.com/docs/configure-your-profile


[0m08:41:59.195608 [debug] [MainThread]: Command `dbt debug` failed at 08:41:59.194595 after 4.49 seconds
[0m08:41:59.197119 [debug] [MainThread]: Connection 'debug' was left open.
[0m08:41:59.198610 [debug] [MainThread]: On debug: No close available on handle
[0m08:41:59.200622 [debug] [MainThread]: Sending event: {'category': 'dbt', 'action': 'invocation', 'label': 'end', 'context': [<snowplow_tracker.self_describing_json.SelfDescribingJson object at 0x0000021D97EBB110>, <snowplow_tracker.self_describing_json.SelfDescribingJson object at 0x0000021D91497050>, <snowplow_tracker.self_describing_json.SelfDescribingJson object at 0x0000021D9763E8D0>]}
[0m08:41:59.202617 [debug] [MainThread]: Flushing usage events
[0m08:42:00.447032 [debug] [MainThread]: An error was encountered while trying to flush usage events
